Parsing web url: https://www.jamieoliver.com/recipes/
Parsing web url: https://www.jamieoliver.com/recipes/category/ingredient/
Parsing web url: https://www.jamieoliver.com/recipes/category/dishtype/
Parsing web url: https://www.jamieoliver.com/recipes/category/course/
Parsing web url: https://www.jamieoliver.com/recipes/category/occasion/
Parsing web url: https://www.jamieoliver.com/recipes/category/special-diets/
Parsing web url: https://www.jamieoliver.com/recipes/category/world/
Parsing web url: https://www.jamieoliver.com/family-food/
Parsing web url: https://www.jamieoliver.com/recipes/kids-recipes/
Parsing web url: https://www.jamieoliver.com/recipes/category/books/
Parsing web url: https://www.jamieoliver.com/recipes/vegetables-recipes/
Parsing web url: https://www.jamieoliver.com/recipes/eggs-recipes/
Parsing web url: https://www.jamieoliver.com/recipes/chicken-recipes/
Parsing web url: https://www.jamieoliver.com/recipes/pasta-recipes/
Parsing web url: https://www.jamieoliver.com/recipes/fish-recipes/
Parsing web url: https://www.jamieoliver.com/recipes/bread-recipes/
Parsing web url: https://www.jamieoliver.com/recipes/lamb-recipes/
Parsing web url: https://www.jamieoliver.com/recipes/fruit-recipes/
Parsing web url: https://www.jamieoliver.com/recipes/beef-recipes/
Parsing web url: https://www.jamieoliver.com/recipes/cheese-recipes/
Parsing web url: https://www.jamieoliver.com/recipes/pork-recipes/
Parsing web url: https://www.jamieoliver.com/recipes/rice-recipes/
Parsing web url: https://www.jamieoliver.com/recipes/turkey-recipes/
Parsing web url: https://www.jamieoliver.com/recipes/goose-recipes/
Parsing web url: https://www.jamieoliver.com/recipes/mussels-recipes/
Parsing web url: https://www.jamieoliver.com/recipes/seafood-recipes/
Parsing web url: https://www.jamieoliver.com/recipes/chocolate-recipes/
Parsing web url: https://www.jamieoliver.com/recipes/game-recipes/
Parsing web url: https://www.jamieoliver.com/recipes/duck-recipes/
Parsing web url: https://www.jamieoliver.com/recipes/chicken-breast-recipes/
Parsing web url: https://www.jamieoliver.com/recipes/avocado-recipes/
Parsing web url: https://www.jamieoliver.com/recipes/butternut-squash-recipes/
Parsing web url: https://www.jamieoliver.com/recipes/sweet-potato-recipes/
Parsing web url: https://www.jamieoliver.com/recipes/sausage-recipes/
Parsing web url: https://www.jamieoliver.com/recipes/salmon-recipes/
Parsing web url: https://www.jamieoliver.com/recipes/chicken-thigh-recipes/
Parsing web url: https://www.jamieoliver.com/recipes/sea-bass-recipes/
Parsing web url: https://www.jamieoliver.com/recipes/courgette-recipes/
Parsing web url: https://www.jamieoliver.com/recipes/aubergine-recipes/
Parsing web url: https://www.jamieoliver.com/recipes/couscous-recipes/
Parsing web url: https://www.jamieoliver.com/recipes/mince-recipes/
Parsing web url: https://www.jamieoliver.com/recipes/kale-recipes/
Parsing web url: https://www.jamieoliver.com/recipes/potato-recipes/
Parsing web url: https://www.jamieoliver.com/recipes/spinach-recipes/
Parsing web url: https://www.jamieoliver.com/recipes/lentil-recipes/
Parsing web url: https://www.jamieoliver.com/recipes/pork-belly-recipes/
Parsing web url: https://www.jamieoliver.com/recipes/rhubarb-recipes/
Parsing web url: https://www.jamieoliver.com/recipes/scallops-recipes/
Parsing web url: https://www.jamieoliver.com/recipes/minced-beef-recipes/
Parsing web url: https://www.jamieoliver.com/recipes/steak-recipes/
Parsing web url: https://www.jamieoliver.com/recipes/tofu-recipes/
Parsing web url: https://www.jamieoliver.com/recipes/mackerel-recipes/
Parsing web url: https://www.jamieoliver.com/recipes/mushroom-recipes/
Parsing web url: https://www.jamieoliver.com/recipes/beetroot-recipes/
Parsing web url: https://www.jamieoliver.com/recipes/leek-recipes/
Parsing web url: https://www.jamieoliver.com/recipes/cauliflower-recipes/
Parsing web url: https://www.jamieoliver.com/recipes/chorizo-recipes/
Parsing web url: https://www.jamieoliver.com/recipes/asparagus-recipes/
Parsing web url: https://www.jamieoliver.com/recipes/broccoli-recipes/
Parsing web url: https://www.jamieoliver.com/recipes/tuna-recipes/
Parsing web url: https://www.jamieoliver.com/recipes/apple-recipes/
Parsing web url: https://www.jamieoliver.com/recipes/category/dishtype/pasta-risotto
Parsing web url: https://www.jamieoliver.com/recipes/category/dishtype/salad/
Parsing web url: https://www.jamieoliver.com/recipes/category/dishtype/bread-doughs/
Parsing web url: https://www.jamieoliver.com/recipes/category/dishtype/curry/
Parsing web url: https://www.jamieoliver.com/recipes/category/dishtype/vegetable-sides/
Parsing web url: https://www.jamieoliver.com/recipes/category/dishtype/soup/
Parsing web url: https://www.jamieoliver.com/recipes/category/dishtype/antipasti/
Parsing web url:  https://www.jamieoliver.com/recipes/category/dishtype/roast
Parsing web url: https://www.jamieoliver.com/recipes/category/dishtype/bbq-food/
Parsing web url: https://www.jamieoliver.com/recipes/category/dishtype/stews/
Parsing web url: https://www.jamieoliver.com/recipes/category/dishtype/pizza/
Parsing web url: https://www.jamieoliver.com/recipes/category/dishtype/sandwiches-wraps/
Parsing web url: https://www.jamieoliver.com/recipes/category/dishtype/cakes-tea-time-treats/
Parsing web url: https://www.jamieoliver.com/recipes/category/dishtype/pies-pastries/
Parsing web url: https://www.jamieoliver.com/recipes/category/dishtype/sauces-condiments/
Parsing web url: https://www.jamieoliver.com/recipes/category/dishtype/puddings-desserts/
Parsing web url: https://www.jamieoliver.com/recipes/category/dishtype/drinks/
Parsing web url: https://www.jamieoliver.com/recipes/cookie-recipes/
Parsing web url: https://www.jamieoliver.com/recipes/meatball-recipes/
Parsing web url: https://www.jamieoliver.com/recipes/muffin-recipes/
Parsing web url: https://www.jamieoliver.com/recipes/category/dishtype/pasta-bake/
Parsing web url: https://www.jamieoliver.com/recipes/category/course/mains/
Parsing web url: https://www.jamieoliver.com/recipes/category/course/snacks/
Parsing web url: https://www.jamieoliver.com/recipes/category/course/meals-for-one/
Parsing web url: https://www.jamieoliver.com/recipes/category/course/quick-fixes/
Parsing web url: https://www.jamieoliver.com/recipes/category/course/cheap-cheerful/
Parsing web url: https://www.jamieoliver.com/recipes/category/course/breakfast/
Parsing web url: https://www.jamieoliver.com/recipes/category/course/leftovers/
Parsing web url: https://www.jamieoliver.com/recipes/category/course/one-pan-recipes/
Parsing web url: https://www.jamieoliver.com/recipes/category/course/juices-smoothies/
Parsing web url: https://www.jamieoliver.com/recipes/category/course/desserts/
Parsing web url: https://www.jamieoliver.com/recipes/category/course/sides/
Parsing web url: https://www.jamieoliver.com/recipes/category/course/drinks/
Parsing web url: https://www.jamieoliver.com/recipes/category/course/sauces/
Parsing web url: https://www.jamieoliver.com/recipes/category/course/starters/
Parsing web url: https://www.jamieoliver.com/recipes/category/course/aperitifs/
Parsing web url: https://www.jamieoliver.com/recipes/category/course/cocktails/
Parsing web url: https://www.jamieoliver.com/recipes/category/occasion/romantic-meals/
Parsing web url: https://www.jamieoliver.com/recipes/category/occasion/dinner-for-two/
Parsing web url: https://www.jamieoliver.com/recipes/category/occasion/pancake-day/
Parsing web url: https://www.jamieoliver.com/recipes/category/occasion/dinner-party/
Parsing web url: https://www.jamieoliver.com/recipes/category/occasion/sunday-lunch/
Parsing web url: https://www.jamieoliver.com/recipes/category/occasion/easter-treats/
Parsing web url: https://www.jamieoliver.com/recipes/category/occasion/mothers-day/
Parsing web url: https://www.jamieoliver.com/recipes/category/occasion/gorgeous-winter-soups/
Parsing web url: https://www.jamieoliver.com/recipes/category/occasion/party-food/
Parsing web url: https://www.jamieoliver.com/recipes/category/occasion/party-drinks/
Parsing web url: https://www.jamieoliver.com/recipes/category/occasion/drinks-tube/
Parsing web url: https://www.jamieoliver.com/recipes/category/occasion/burns-night-specials/
Parsing web url: https://www.jamieoliver.com/recipes/category/occasion/new-year-party-picks/
Parsing web url: https://www.jamieoliver.com/recipes/category/occasion/bonfire-night-recipes/
Parsing web url: https://www.jamieoliver.com/recipes/category/occasion/wimbledon/
Parsing web url: https://www.jamieoliver.com/recipes/category/occasion/halloween-recipes/
Parsing web url: https://www.jamieoliver.com/recipes/category/occasion/st-georges-day/
Parsing web url: https://www.jamieoliver.com/recipes/category/occasion/fathers-day/
Parsing web url: https://www.jamieoliver.com/recipes/category/occasion/summer-cocktails/
Parsing web url: https://www.jamieoliver.com/recipes/category/occasion/picnic/
Parsing web url: https://www.jamieoliver.com/recipes/category/occasion/alfresco/
Parsing web url: https://www.jamieoliver.com/recipes/category/special-diets/vegetarian/
Parsing web url: https://www.jamieoliver.com/recipes/category/special-diets/gluten-free/
Parsing web url: https://www.jamieoliver.com/recipes/category/special-diets/vegan/
Parsing web url: https://www.jamieoliver.com/recipes/category/special-diets/dairy-free/
Parsing web url: https://www.jamieoliver.com/recipes/category/world/mexican/
Parsing web url: https://www.jamieoliver.com/recipes/category/world/british/
Parsing web url: https://www.jamieoliver.com/recipes/category/world/italian/
Parsing web url: https://www.jamieoliver.com/recipes/category/world/moroccan/
Parsing web url: https://www.jamieoliver.com/recipes/category/world/indian/
Parsing web url: https://www.jamieoliver.com/recipes/category/world/greek/
Parsing web url: https://www.jamieoliver.com/recipes/category/world/american/
Parsing web url: https://www.jamieoliver.com/recipes/category/world/asian/
Parsing web url: https://www.jamieoliver.com/recipes/category/world/spanish/
Parsing web url: https://www.jamieoliver.com/recipes/category/world/chinese/
Parsing web url: https://www.jamieoliver.com/recipes/category/world/peruvian/
Parsing web url: https://www.jamieoliver.com/recipes/category/world/french/
Parsing web url: https://www.jamieoliver.com/jamie-cooks-italy/
Parsing web url: https://www.jamieoliver.com/recipes/category/books/5-ingredients-quick-easy-food-recipes-2/
Parsing web url: https://www.jamieoliver.com/recipes/category/books/5-ingredients-quick-easy-food-recipes/
Parsing web url: https://www.jamieoliver.com/recipes/category/books/jamie-magazine/
Parsing web url: https://www.jamieoliver.com/recipes/category/books/jamie-and-jimmys-friday-night-feast/
Parsing web url: https://www.jamieoliver.com/family/jamies-super-food-family-classics/
Parsing web url: https://www.jamieoliver.com/recipes/category/books/jamies-everyday-super-food/
Parsing web url: https://www.jamieoliver.com/recipes/category/books/jamies-15-minute-meals/
Parsing web url: https://www.jamieoliver.com/recipes/category/books/jamie-at-home/
Parsing web url: https://www.jamieoliver.com/recipes/category/books/save-with-jamie/
Parsing web url: https://www.jamieoliver.com/recipes/category/books/jamie-s-comfort-food/
Parsing web url: https://www.jamieoliver.com/recipes/category/books/jamies-great-britain/
Parsing web url: https://www.jamieoliver.com/recipes/category/books/jamies-italy/
Parsing web url: https://www.jamieoliver.com/recipes/category/books/the-family-cook-book/
Parsing web url: https://www.jamieoliver.com/recipes/category/books/jamies-america/
Parsing web url: https://www.jamieoliver.com/recipes/category/books/jamie-does/
Parsing web url: https://www.jamieoliver.com/recipes/category/books/jamies-festive-feast/
Parsing web url: https://www.jamieoliver.com/recipes/category/books/cook-with-jamie/
Parsing web url: https://www.jamieoliver.com/recipes/category/books/the-bbq-book/
Parsing web url: https://www.jamieoliver.com/recipes/category/books/jamie-cooks-christmas-2013/
Parsing web url: https://www.jamieoliver.com/recipes/category/books/jamies-30-minute-meals/
Parsing web url: https://www.jamieoliver.com/recipes/category/books/the-cake-book/
Parsing web url: https://www.jamieoliver.com/recipes/category/books/jamies-dinners/
Parsing web url: https://www.jamieoliver.com/recipes/category/books/jamies-kitchen/
Parsing web url: https://www.jamieoliver.com/recipes/category/books/food-fight-club/
Parsing web url: https://www.jamieoliver.com/recipes/category/occasion/jamies-food-revolution-recipes/
Parsing web url: https://www.jamieoliver.com/recipes/category/books/jamies-ministry-of-food/
Parsing web url: https://www.jamieoliver.com/recipes/category/books/olivers-twist/
Parsing web url: https://www.jamieoliver.com/recipes/category/books/jamies-family-christmas-2013/
Parsing web url: https://www.jamieoliver.com/recipes/category/books/jamies-christmas-with-bells-on/
Parsing web url: https://www.jamieoliver.com/recipes/category/books/jamies-night-before-christmas-recipes/
Parsing web url: https://www.jamieoliver.com/recipes/category/books/jamies-cracking-christmas-2014/
Parsing web url: https://www.jamieoliver.com//recipes/vegetables-recipes/classic-ratatouille/
Parsing web url: https://www.jamieoliver.com//recipes/vegetables-recipes/veggie-chilli/
Parsing web url: https://www.jamieoliver.com//recipes/vegetables-recipes/potato-wedges/
Parsing web url: https://www.jamieoliver.com//recipes/vegetables-recipes/aubergine-parmigiana-melanzane-alla-parmigiana/
Parsing web url: https://www.jamieoliver.com//recipes/rice-recipes/my-singapore-style-fried-rice/
Parsing web url: https://www.jamieoliver.com//recipes/curry-recipes/veggie-korma/
Parsing web url: https://www.jamieoliver.com//recipes/pasta-sauce-recipes/veggie-bolognese-sauce/
Parsing web url: https://www.jamieoliver.com//recipes/rice-recipes/freezer-raid-springtime-risotto/
Parsing web url: https://www.jamieoliver.com//recipes/tomato-recipes/easy-tomato-sauce/
Parsing web url: https://www.jamieoliver.com//recipes/vegetable-recipes/best-ever-brussels-sprouts/
Parsing web url: https://www.jamieoliver.com//recipes/vegetable-recipes/glazed-carrots/
Parsing web url: https://www.jamieoliver.com//recipes/vegetable-recipes/crispy-moroccan-carrots/
Parsing web url: https://www.jamieoliver.com//recipes/egg-recipes/rogan-josh-scotch-eggs/
Parsing web url: https://www.jamieoliver.com//recipes/vegetable-recipes/roasted-black-bean-burgers/
Parsing web url: https://www.jamieoliver.com//recipes/vegetable-recipes/warm-grape-radicchio-salad/
Parsing web url: https://www.jamieoliver.com//recipes/butternut-squash-recipes/brilliant-bhaji-burger/
Parsing web url: https://www.jamieoliver.com//recipes/pasta-recipes/summer-tagliatelle/
Parsing web url: https://www.jamieoliver.com//recipes/vegetable-recipes/veggie-pad-thai/
Parsing web url: https://www.jamieoliver.com//recipes/rice-recipes/roasted-tomato-risotto/
Parsing web url: https://www.jamieoliver.com//recipes/drink-recipes/hasselback-al-forno/
Parsing web url: https://www.jamieoliver.com//recipes/mushroom-recipes/crispy-mushroom-shawarma/
Parsing web url: https://www.jamieoliver.com//recipes/mushroom-recipes/my-veggie-pasties/
Parsing web url: https://www.jamieoliver.com//recipes/asparagus-recipes/asparagus-quiche-soup/
Parsing web url: https://www.jamieoliver.com//recipes/vegetable-recipes/summer-veg-blanket-pie/
Parsing web url: https://www.jamieoliver.com//recipes/vegetable-recipes/sticky-onion-tart/
Parsing web url: https://www.jamieoliver.com//recipes/vegetable-recipes/allotment-cottage-pie/
Parsing web url: https://www.jamieoliver.com//recipes/mushroom-recipes/mushroom-stroganoff/
Parsing web url: https://www.jamieoliver.com//recipes/vegetable-recipes/amazing-tomato-curry/
Parsing web url: https://www.jamieoliver.com//recipes/vegetable-recipes/amazing-veggie-chilli/
Parsing web url: https://www.jamieoliver.com//recipes/chicken-recipes/chicken-veg-stir-fry/
Parsing web url: https://www.jamieoliver.com//recipes/beetroot-recipes/beetroot-curry/
Parsing web url: https://www.jamieoliver.com//recipes/vegetable-recipes/roasted-root-veg/
Parsing web url: https://www.jamieoliver.com//recipes/vegetable-recipes/brick-lane-burger/
Parsing web url: https://www.jamieoliver.com//recipes/aubergine-recipes/aubergine-tomato-rogan-josh/
Parsing web url: https://www.jamieoliver.com//recipes/potato-recipes/bubble-squeak/
Parsing web url: https://www.jamieoliver.com//recipes/pasta-recipes/summer-veg-lasagne/
Parsing web url: https://www.jamieoliver.com//recipes/cauliflower-recipes/pot-roast-cauliflower/
Parsing web url: https://www.jamieoliver.com//recipes/vegetable-recipes/gnarly-cauliflower-curry/
Parsing web url: https://www.jamieoliver.com//recipes/vegetable-recipes/peas-beans-chilli-mint/
Parsing web url: https://www.jamieoliver.com//recipes/beetroot-recipes/amazing-dressed-beets/
Parsing web url: https://www.jamieoliver.com//recipes/beetroot-recipes/parsnip-beetroot-gratin/
Parsing web url: https://www.jamieoliver.com//recipes/vegetable-recipes/roasted-roots-halloumi-traybake-with-courgette-tangles/
Parsing web url: https://www.jamieoliver.com//recipes/vegetable-recipes/roasted-radish-runner-bean-traybake/
Parsing web url: https://www.jamieoliver.com//recipes/beetroot-recipes/apricot-root-veg-cake-with-honey-yoghurt-icing/
Parsing web url: https://www.jamieoliver.com//recipes/vegetable-recipes/ultimate-veggie-lasagne/
Parsing web url: https://www.jamieoliver.com//recipes/brussels-sprouts-recipes/middle-eastern-roasted-sprouts/
Parsing web url: https://www.jamieoliver.com//recipes/vegetable-recipes/aubergine-parmigiana-with-crispy-breadcrumbs/
Parsing web url: https://www.jamieoliver.com//recipes/vegetables-recipes/whole-roasted-miso-aubergine/
Parsing web url: https://www.jamieoliver.com//recipes/vegetable-recipes/smoky-veggie-chilli/
Parsing web url: https://www.jamieoliver.com//recipes/vegetables-recipes/roasted-brassicas-with-puy-lentils-halloumi/
Parsing web url: https://www.jamieoliver.com//recipes/vegetables-recipes/sliced-fennel-orange-almond-salad/
Parsing web url: https://www.jamieoliver.com//recipes/vegetables-recipes/lentil-tabbouleh/
Parsing web url: https://www.jamieoliver.com//recipes/vegetables-recipes/roasted-squash-couscous-salad/
Parsing web url: https://www.jamieoliver.com//recipes/vegetables-recipes/brilliant-brussels/
Parsing web url: https://www.jamieoliver.com//recipes/vegetables-recipes/spicy-cucumber-pickle/
Parsing web url: https://www.jamieoliver.com//recipes/vegetables-recipes/spicy-feta-pepper-dip/
Parsing web url: https://www.jamieoliver.com//recipes/vegetables-recipes/asparagus-amp-halloumi-salad/
Parsing web url: https://www.jamieoliver.com//recipes/vegetables-recipes/chilled-pea-chervil-soup-with-cr-me-fra-che/
Parsing web url: https://www.jamieoliver.com//recipes/vegetables-recipes/asparagus-sushi/
Parsing web url: https://www.jamieoliver.com//recipes/vegetables-recipes/minestrone-soup/
Parsing web url: https://www.jamieoliver.com//recipes/vegetables-recipes/simple-green-salad-with-lemon-dressing/
Parsing web url: https://www.jamieoliver.com//recipes/vegetable-recipes/aubergine-dip/
Parsing web url: https://www.jamieoliver.com//recipes/vegetables-recipes/asparagus-p-t-/
Parsing web url: https://www.jamieoliver.com//recipes/vegetables-recipes/roasted-root-vegetable-amp-squash-stew-with-herby-couscous/
Parsing web url: https://www.jamieoliver.com//recipes/vegetables-recipes/baked-sweet-potatoes-avocado-queso-fresco/
Parsing web url: https://www.jamieoliver.com//recipes/vegetables-recipes/simple-veggie-tofu-stir-fry/
Parsing web url: https://www.jamieoliver.com//recipes/vegetables-recipes/salsa-verde-fresco/
Parsing web url: https://www.jamieoliver.com//recipes/vegetables-recipes/chai-spiced-carrot-cake/
Parsing web url: https://www.jamieoliver.com//recipes/vegetables-recipes/yellow-split-pea-aubergine-stew/
Parsing web url: https://www.jamieoliver.com//recipes/vegetables-recipes/salad-wedges-with-buttermilk-dressing/
Parsing web url: https://www.jamieoliver.com//recipes/vegetables-recipes/the-best-buttermilk-onion-rings/
Parsing web url: https://www.jamieoliver.com//recipes/vegetables-recipes/jools-s-chopped-salad/
Parsing web url: https://www.jamieoliver.com//recipes/vegetables-recipes/greek-style-quinoa-salad-bomb/
Parsing web url: https://www.jamieoliver.com//recipes/vegetables-recipes/farro-cauliflower-amp-asparagus-salad/
Parsing web url: https://www.jamieoliver.com//recipes/vegetables-recipes/herb-tabbouleh-with-pomegranate-za-atar-dressing/
Parsing web url: https://www.jamieoliver.com//recipes/vegetables-recipes/charred-pepper-pesto/
Parsing web url: https://www.jamieoliver.com//recipes/vegetables-recipes/spiced-aubergine-dip/
Parsing web url: https://www.jamieoliver.com//recipes/vegetables-recipes/roasted-spring-veg-with-watercress-dip/
Parsing web url: https://www.jamieoliver.com//recipes/vegetables-recipes/asian-vegetable-broth/
Parsing web url: https://www.jamieoliver.com//recipes/vegetables-recipes/radish-pickle/
Parsing web url: https://www.jamieoliver.com//recipes/vegetables-recipes/green-dream-noodles/
Parsing web url: https://www.jamieoliver.com//recipes/vegetables-recipes/butternut-squash-dal/
Parsing web url: https://www.jamieoliver.com//recipes/vegetables-recipes/potato-rostis-with-beetroot-horseradish/
Parsing web url: https://www.jamieoliver.com//recipes/vegetables-recipes/miso-soup-with-tofu-cabbage/
Parsing web url: https://www.jamieoliver.com//recipes/vegetables-recipes/beetroot-crisps-with-coriander-houmous/
Parsing web url: https://www.jamieoliver.com//recipes/vegetables-recipes/sweet-potato-white-bean-chilli/
Parsing web url: https://www.jamieoliver.com//recipes/vegetables-recipes/chilled-avocado-soup-with-tortilla-chips/
Parsing web url: https://www.jamieoliver.com//recipes/vegetables-recipes/sweet-potato-coconut-cardamom-soup/
Parsing web url: https://www.jamieoliver.com//recipes/vegetables-recipes/beetroot-amp-tomato-borscht/
Parsing web url: https://www.jamieoliver.com//recipes/vegetables-recipes/vegetable-tartlets/
Parsing web url: https://www.jamieoliver.com//recipes/vegetables-recipes/quinoa-kale-muffins/
Parsing web url: https://www.jamieoliver.com//recipes/vegetables-recipes/rojak/
Parsing web url: https://www.jamieoliver.com//recipes/vegetable-recipes/easy-tomato-chutney/
Parsing web url: https://www.jamieoliver.com//recipes/vegetables-recipes/celeriac-boulang-re/
Parsing web url: https://www.jamieoliver.com//recipes/vegetables-recipes/wine-gummy-tomatoes/
Parsing web url: https://www.jamieoliver.com//recipes/vegetables-recipes/harvest-salad/
Parsing web url: https://www.jamieoliver.com//recipes/vegetables-recipes/celeriac-quince-soup/
Parsing web url: https://www.jamieoliver.com//recipes/vegetables-recipes/sweetheart-slaw-with-passion-fruit-dressing/
Parsing web url: https://www.jamieoliver.com//recipes/vegetables-recipes/raw-vegan-spag-bol/
Parsing web url: https://www.jamieoliver.com//recipes/vegetables-recipes/asparagus-with-mushroom-mayonnaise/
Parsing web url: https://www.jamieoliver.com//recipes/vegetables-recipes/tofu-chickpea-curry-with-spring-greens/
Parsing web url: https://www.jamieoliver.com//recipes/vegetables-recipes/spiced-aubergine-amp-coconut-curry/
Parsing web url: https://www.jamieoliver.com//recipes/vegetables-recipes/sweet-potato-with-marshmallow/
Parsing web url: https://www.jamieoliver.com//recipes/vegetables-recipes/pepper-noodle-salad/
Parsing web url: https://www.jamieoliver.com//recipes/vegetables-recipes/jersey-royals-wild-garlic/
Parsing web url: https://www.jamieoliver.com//recipes/vegetables-recipes/pistou-soup/
Parsing web url: https://www.jamieoliver.com//recipes/vegetables-recipes/garlic-mushroom-burgers/
Parsing web url: https://www.jamieoliver.com//recipes/vegetables-recipes/broad-bean-dip/
Parsing web url: https://www.jamieoliver.com//recipes/vegetables-recipes/crispy-turnip-cake-with-chilli-sauce/
Parsing web url: https://www.jamieoliver.com//recipes/vegetables-recipes/broad-bean-wild-fennel-bruschetta/
Parsing web url: https://www.jamieoliver.com//recipes/vegetables-recipes/roasted-beetroot-red-onion-watercress-salad/
Parsing web url: https://www.jamieoliver.com//recipes/vegetables-recipes/red-lentil-sweet-potato-coconut-soup/
Parsing web url: https://www.jamieoliver.com//recipes/vegetables-recipes/watercress-soup/
Parsing web url: https://www.jamieoliver.com//recipes/vegetables-recipes/pumpkin-ginger-soup/
Parsing web url: https://www.jamieoliver.com//recipes/vegetables-recipes/delicious-winter-salad/
Parsing web url: https://www.jamieoliver.com//recipes/vegetables-recipes/avocado-slow-roasted-tomatoes-on-toast/
Parsing web url: https://www.jamieoliver.com//recipes/vegetables-recipes/raw-spring-salad/
Parsing web url: https://www.jamieoliver.com//recipes/vegetables-recipes/asparagus-frittata/
Parsing web url: https://www.jamieoliver.com//recipes/vegetables-recipes/cauliflower-dhal/
Parsing web url: https://www.jamieoliver.com//recipes/vegetables-recipes/super-food-noodle-salad/
Parsing web url: https://www.jamieoliver.com//recipes/vegetables-recipes/scandinavian-starter/
Parsing web url: https://www.jamieoliver.com//recipes/vegetables-recipes/spring-pie/
Parsing web url: https://www.jamieoliver.com//recipes/vegetables-recipes/potatoes-yiachni/
Parsing web url: https://www.jamieoliver.com//recipes/vegetables-recipes/indian-chopped-salad/
Parsing web url: https://www.jamieoliver.com//recipes/vegetables-recipes/jersey-royal-potato-salad/
Parsing web url: https://www.jamieoliver.com//recipes/vegetables-recipes/warm-potato-salad-with-capers-and-rocket/
Parsing web url: https://www.jamieoliver.com//recipes/vegetables-recipes/mexican-black-bean-burgers-with-lime-amp-coriander/
Parsing web url: https://www.jamieoliver.com//recipes/vegetables-recipes/roasted-beetroot-toast/
Parsing web url: https://www.jamieoliver.com//recipes/vegetables-recipes/spicy-grilled-vegetable-rolls-chickpea-salad/
Parsing web url: https://www.jamieoliver.com//recipes/vegetable-recipes/super-noodle-ramen-with-kale-barbecue-mushrooms/
Parsing web url: https://www.jamieoliver.com//recipes/vegetable-recipes/spicy-corn-chickpea-burgers/
Parsing web url: https://www.jamieoliver.com//recipes/vegetables-recipes/broccoli-soup/
Parsing web url: https://www.jamieoliver.com//recipes/vegetables-recipes/spiced-parsnip-amp-lentil-soup-with-chilli-oil/
Parsing web url: https://www.jamieoliver.com//recipes/vegetables-recipes/bombay-potato-salad/
Parsing web url: https://www.jamieoliver.com//recipes/vegetables-recipes/funky-posh-chips/
Parsing web url: https://www.jamieoliver.com//recipes/vegetables-recipes/potato-scones/
Parsing web url: https://www.jamieoliver.com//recipes/vegetables-recipes/picnic-pie/
Parsing web url: https://www.jamieoliver.com//recipes/vegetables-recipes/fennel-parmigiana/
Parsing web url: https://www.jamieoliver.com//recipes/vegetables-recipes/chickpea-flour-pancakes-with-salad-chutney/
Parsing web url: https://www.jamieoliver.com//recipes/vegetables-recipes/carrots-with-garlic-yoghurt/
Parsing web url: https://www.jamieoliver.com//recipes/vegetables-recipes/sprouting-super-salad/
Parsing web url: https://www.jamieoliver.com//recipes/vegetables-recipes/bulgur-amp-lentil-salad/
Parsing web url: https://www.jamieoliver.com//recipes/vegetables-recipes/fried-stuffed-olives/
Parsing web url: https://www.jamieoliver.com//recipes/vegetables-recipes/lemony-skewered-artichokes/
Parsing web url: https://www.jamieoliver.com//recipes/vegetables-recipes/endive-salad/
Parsing web url: https://www.jamieoliver.com//recipes/vegetables-recipes/grilled-radicchio-with-gorgonzola-dressing/
Parsing web url: https://www.jamieoliver.com//recipes/vegetables-recipes/classic-minestrone/
Parsing web url: https://www.jamieoliver.com//recipes/vegetables-recipes/baked-potato-soup/
Parsing web url: https://www.jamieoliver.com//recipes/vegetables-recipes/caprese-soup/
Parsing web url: https://www.jamieoliver.com//recipes/vegetables-recipes/parsnip-sage-white-bean-soup/
Parsing web url: https://www.jamieoliver.com//recipes/vegetables-recipes/chilled-cucumber-soup/
Parsing web url: https://www.jamieoliver.com//recipes/vegetables-recipes/carrot-cupcakes/
Parsing web url: https://www.jamieoliver.com//recipes/vegetables-recipes/tomato-medley/
Parsing web url: https://www.jamieoliver.com//recipes/vegetables-recipes/stilton-pear-gnocchi/
Parsing web url: https://www.jamieoliver.com//recipes/vegetables-recipes/healthy-greens-box/
Parsing web url: https://www.jamieoliver.com//recipes/vegetables-recipes/ratatouille/
Parsing web url: https://www.jamieoliver.com//recipes/vegetables-recipes/celery-alla-parmigiana/
Parsing web url: https://www.jamieoliver.com//recipes/vegetables-recipes/costa-rican-black-bean-soup/
Parsing web url: https://www.jamieoliver.com//recipes/vegetables-recipes/baked-potato-celeriac-amp-garlic-mash/
Parsing web url: https://www.jamieoliver.com//recipes/vegetables-recipes/aubergine-amp-pomegranate-salad/
Parsing web url: https://www.jamieoliver.com//recipes/vegetables-recipes/courgette-amp-tomato-rice-sformato/
Parsing web url: https://www.jamieoliver.com//recipes/vegetables-recipes/slow-roasted-fennel/
Parsing web url: https://www.jamieoliver.com//recipes/vegetables-recipes/courgette-spaghetti-with-rocket-pesto/
Parsing web url: https://www.jamieoliver.com//recipes/vegetables-recipes/stuffed-cabbage-rolls/
Parsing web url: https://www.jamieoliver.com//recipes/vegetables-recipes/the-ultimate-carrots/
Parsing web url: https://www.jamieoliver.com//recipes/turkey-recipes/christmas-day-gravy/
Parsing web url: https://www.jamieoliver.com//recipes/vegetables-recipes/courgette-feta-fritters/
Parsing web url: https://www.jamieoliver.com//recipes/vegetables-recipes/sweet-potato-chickpea-amp-spinach-curry/
Parsing web url: https://www.jamieoliver.com//recipes/vegetables-recipes/seven-veg-tagine/
Parsing web url: https://www.jamieoliver.com//recipes/vegetables-recipes/roast-vegetable-salad/
Parsing web url: https://www.jamieoliver.com//recipes/vegetables-recipes/veggie-fish-finger-sandwiches/
Parsing web url: https://www.jamieoliver.com//recipes/vegetables-recipes/rice-lentil-stuffed-aubergines/
Parsing web url: https://www.jamieoliver.com//recipes/vegetables-recipes/curried-cauli-potatoes-chickpeas-spinach/
Parsing web url: https://www.jamieoliver.com//recipes/vegetables-recipes/grilled-courgettes-with-chickpeas-marjoram/
Parsing web url: https://www.jamieoliver.com//recipes/vegetables-recipes/chickpea-curry/
Parsing web url: https://www.jamieoliver.com//recipes/vegetable-recipes/squash-sage-chestnut-rolls/
Parsing web url: https://www.jamieoliver.com//recipes/vegetable-recipes/trio-of-mezedes/
Parsing web url: https://www.jamieoliver.com//recipes/vegetable-recipes/leftover-squash-pancakes/
Parsing web url: https://www.jamieoliver.com//recipes/vegetables-recipes/helen-s-goulash/
Parsing web url: https://www.jamieoliver.com//recipes/vegetables-recipes/helen-s-mediterranean-pie/
Parsing web url: https://www.jamieoliver.com//recipes/vegetables-recipes/helen-s-leek-potato-pea-soup/
Parsing web url: https://www.jamieoliver.com//recipes/vegetables-recipes/helen-s-chickpea-leek-carrot-stew/
Parsing web url: https://www.jamieoliver.com//recipes/vegetables-recipes/helen-s-ratatouille-with-mash/
Parsing web url: https://www.jamieoliver.com//recipes/vegetables-recipes/helen-s-red-lentil-cauliflower-smash-with-rice/
Parsing web url: https://www.jamieoliver.com//recipes/vegetables-recipes/hasselback-potatoes-with-gorgonzola-honey/
Parsing web url: https://www.jamieoliver.com//recipes/vegetables-recipes/persian-squash-pistachio-roast/
Parsing web url: https://www.jamieoliver.com//recipes/eggs-recipes/spiced-veggie-rice-with-poached-eggs/
Parsing web url: https://www.jamieoliver.com//recipes/vegetables-recipes/jamie-s-christmas-curry/
Parsing web url: https://www.jamieoliver.com//recipes/vegetables-recipes/parsnip-chestnut-tarte-tatin/
Parsing web url: https://www.jamieoliver.com//recipes/vegetables-recipes/christmas-veg-laksa/
Parsing web url: https://www.jamieoliver.com//recipes/vegetables-recipes/parmesan-brussels-sprouts/
Parsing web url: https://www.jamieoliver.com//recipes/vegetables-recipes/mixed-mushroom-stuffing/
Parsing web url: https://www.jamieoliver.com//recipes/vegetables-recipes/creamy-mushroom-vol-au-vents/
Parsing web url: https://www.jamieoliver.com//recipes/vegetables-recipes/squash-stilton-walnut-rolls/
Parsing web url: https://www.jamieoliver.com//recipes/vegetable-recipes/rudolph-s-rocket-fuel/
Parsing web url: https://www.jamieoliver.com//recipes/vegetables-recipes/salt-cinnamon-kale-crisps/
Parsing web url: https://www.jamieoliver.com//recipes/vegetables-recipes/grilled-cauliflower-with-winter-pesto/
Parsing web url: https://www.jamieoliver.com//recipes/vegetables-recipes/green-veggie-fritters/
Parsing web url: https://www.jamieoliver.com//recipes/vegetables-recipes/sriracha/
Parsing web url: https://www.jamieoliver.com//recipes/vegetables-recipes/homemade-vegetable-crisps/
Parsing web url: https://www.jamieoliver.com//recipes/vegetables-recipes/butternut-squashed/
Parsing web url: https://www.jamieoliver.com//recipes/vegetables-recipes/sesame-roasted-kale/
Parsing web url: https://www.jamieoliver.com//recipes/vegetable-recipes/pumpkin-chickpea-coconut-curry/
Parsing web url: https://www.jamieoliver.com//recipes/vegetable-recipes/beetroot-dip/
Parsing web url: https://www.jamieoliver.com//recipes/vegetables-recipes/fresh-tomato-broth/
Parsing web url: https://www.jamieoliver.com//recipes/vegetables-recipes/instant-pickled-onions/
Parsing web url: https://www.jamieoliver.com//recipes/vegetables-recipes/south-indian-pumpkin-pickle/
Parsing web url: https://www.jamieoliver.com//recipes/vegetables-recipes/kimchi/
Parsing web url: https://www.jamieoliver.com//recipes/vegetables-recipes/quick-pickled-celery/
Parsing web url: https://www.jamieoliver.com//recipes/vegetables-recipes/chilli-pickled-sweet-sour-beets/
Parsing web url: https://www.jamieoliver.com//recipes/vegetables-recipes/chilli-pickle/
Parsing web url: https://www.jamieoliver.com//recipes/vegetables-recipes/lemon-roast-potatoes/
Parsing web url: https://www.jamieoliver.com//recipes/vegetables-recipes/onion-gravy/
Parsing web url: https://www.jamieoliver.com//recipes/vegetables-recipes/skinny-homemade-houmous/
Parsing web url: https://www.jamieoliver.com//recipes/eggs-recipes/refried-lentils-with-eggs-salsa/
Parsing web url: https://www.jamieoliver.com//recipes/vegetables-recipes/smoky-veggie-feijoada/
Parsing web url: https://www.jamieoliver.com//recipes/vegetables-recipes/sweet-potato-muffins/
Parsing web url: https://www.jamieoliver.com//recipes/vegetables-recipes/mega-veggie-burgers/
Parsing web url: https://www.jamieoliver.com//recipes/vegetables-recipes/veggie-enchiladas/
Parsing web url: https://www.jamieoliver.com//recipes/vegetables-recipes/tofu-cashew-stir-fry/
Parsing web url: https://www.jamieoliver.com//recipes/vegetables-recipes/quinoa-feta-broad-bean-salad/
Parsing web url: https://www.jamieoliver.com//recipes/vegetables-recipes/classic-guacamole/
Parsing web url: https://www.jamieoliver.com//recipes/vegetables-recipes/classic-tomato-salsa/
Parsing web url: https://www.jamieoliver.com//recipes/vegetables-recipes/chargrilled-veg-kebabs/
Parsing web url: https://www.jamieoliver.com//recipes/vegetables-recipes/michela-s-veg-lentil-cottage-pie/
Parsing web url: https://www.jamieoliver.com//recipes/vegetables-recipes/michela-s-butter-beans-spinach-no-cook/
Parsing web url: https://www.jamieoliver.com//recipes/vegetables-recipes/michela-s-cauliflower-apple-sweet-potato/
Parsing web url: https://www.jamieoliver.com//recipes/vegetables-recipes/michela-s-blueberries-chickpeas-no-cook/
Parsing web url: https://www.jamieoliver.com//recipes/vegetables-recipes/michela-s-beetroot-almond-ricotta-no-cook/
Parsing web url: https://www.jamieoliver.com//recipes/vegetables-recipes/michela-s-beans-sweetcorn-spinach-no-cook/
Parsing web url: https://www.jamieoliver.com//recipes/vegetables-recipes/michela-s-banana-kale-no-cook/
Parsing web url: https://www.jamieoliver.com//recipes/vegetables-recipes/kerryann-s-hidden-vegetable-pasta-sauce/
Parsing web url: https://www.jamieoliver.com//recipes/vegetables-recipes/helen-s-african-sweet-potato-stew/
Parsing web url: https://www.jamieoliver.com//recipes/vegetables-recipes/helen-s-chickpea-spiced-spinach-smash-with-sweet-potato/
Parsing web url: https://www.jamieoliver.com//recipes/vegetables-recipes/helen-s-avocado-peas-with-mashed-potato/
Parsing web url: https://www.jamieoliver.com//recipes/vegetables-recipes/helen-s-butternut-squash-coconut-stew/
Parsing web url: https://www.jamieoliver.com//recipes/vegetables-recipes/vegetable-noodle-stir-fry/
Parsing web url: https://www.jamieoliver.com//recipes/vegetables-recipes/simple-chopped-salad/
Parsing web url: https://www.jamieoliver.com//recipes/vegetables-recipes/michela-s-easy-minestrone/
Parsing web url: https://www.jamieoliver.com//recipes/vegetables-recipes/jools-wholesome-veg-and-bean-soup/
Parsing web url: https://www.jamieoliver.com//recipes/vegetables-recipes/gennaro-s-mini-pizzas-with-hidden-veg-sauce/
Parsing web url: https://www.jamieoliver.com//recipes/vegetables-recipes/baked-veggie-balls/
Parsing web url: https://www.jamieoliver.com//recipes/vegetables-recipes/cypriot-style-potato-salad/
Parsing web url: https://www.jamieoliver.com//recipes/vegetables-recipes/tasty-tabbouleh-salad/
Parsing web url: https://www.jamieoliver.com//recipes/vegetables-recipes/superfood-salad/
Parsing web url: https://www.jamieoliver.com//recipes/vegetables-recipes/the-ultimate-spring-quiche/
Parsing web url: https://www.jamieoliver.com//recipes/vegetables-recipes/waldorf-salad/
Parsing web url: https://www.jamieoliver.com//recipes/vegetables-recipes/roasted-fennel-pine-nut-polpette/
Parsing web url: https://www.jamieoliver.com//recipes/vegetables-recipes/roast-mejadra-onions/
Parsing web url: https://www.jamieoliver.com//recipes/vegetables-recipes/baked-veggie-samosas/
Parsing web url: https://www.jamieoliver.com//recipes/vegetables-recipes/saag-paneer/
Parsing web url: https://www.jamieoliver.com//recipes/vegetables-recipes/spring-rolls/
Parsing web url: https://www.jamieoliver.com//recipes/vegetables-recipes/hot-sour-soup/
Parsing web url: https://www.jamieoliver.com//recipes/vegetables-recipes/vegan-chinese-noodles/
Parsing web url: https://www.jamieoliver.com//recipes/vegetables-recipes/vietnamese-bun-cha-with-sticky-spicy-tofu/
Parsing web url: https://www.jamieoliver.com//recipes/vegetables-recipes/brilliant-veggie-burger/
Parsing web url: https://www.jamieoliver.com//recipes/vegetables-recipes/vegan-winter-rolls/
Parsing web url: https://www.jamieoliver.com//recipes/vegetables-recipes/roast-peach-parma-ham-salad/
Parsing web url: https://www.jamieoliver.com//recipes/vegetables-recipes/veggie-arrosto-misto/
Parsing web url: https://www.jamieoliver.com//recipes/vegetables-recipes/sweet-glazed-carrots/
Parsing web url: https://www.jamieoliver.com//recipes/vegetables-recipes/whole-roasted-cauliflower/
Parsing web url: https://www.jamieoliver.com//recipes/vegetables-recipes/vegan-mushroom-rolls/
Parsing web url: https://www.jamieoliver.com//recipes/vegetables-recipes/vegan-gravy/
Parsing web url: https://www.jamieoliver.com//recipes/vegetables-recipes/gluten-free-veggie-pasties/
Parsing web url: https://www.jamieoliver.com//recipes/vegetables-recipes/gluten-free-pumpkin-pie/
Parsing web url: https://www.jamieoliver.com//recipes/vegetables-recipes/gluten-free-curried-veg-pie/
Parsing web url: https://www.jamieoliver.com//recipes/vegetables-recipes/gorgeous-gado-gado/
Parsing web url: https://www.jamieoliver.com//recipes/vegetables-recipes/incredible-nut-roast/
Parsing web url: https://www.jamieoliver.com//recipes/vegetables-recipes/the-perfect-chips/
Parsing web url: https://www.jamieoliver.com//recipes/vegetables-recipes/puy-lentil-parsnip-walnut-salad/
Parsing web url: https://www.jamieoliver.com//recipes/vegetables-recipes/sicilian-roasted-cauliflower-brussels-sprouts/
Parsing web url: https://www.jamieoliver.com//recipes/vegetables-recipes/vegan-beetroot-carpaccio/
Parsing web url: https://www.jamieoliver.com//recipes/vegetables-recipes/vegan-mushroom-chestnut-cranberry-tart/
Parsing web url: https://www.jamieoliver.com//recipes/vegetables-recipes/vegetarian-nut-roast/
Parsing web url: https://www.jamieoliver.com//recipes/vegetables-recipes/vegan-nut-roast/
Parsing web url: https://www.jamieoliver.com//recipes/vegetables-recipes/vegan-dim-sum-buns/
Parsing web url: https://www.jamieoliver.com//recipes/vegetables-recipes/vegan-shepherd-s-pie/
Parsing web url: https://www.jamieoliver.com//recipes/vegetables-recipes/the-best-vegan-burger/
Parsing web url: https://www.jamieoliver.com//recipes/vegetables-recipes/my-special-vegan-kofte/
Parsing web url: https://www.jamieoliver.com//recipes/vegetables-recipes/gluten-free-carrot-cake/
Parsing web url: https://www.jamieoliver.com//recipes/vegetables-recipes/roast-carrot-fennel-soup/